<?xml version="1.0" encoding="UTF-8"?>
<!-- Generated by org.testng.reporters.JUnitXMLReporter -->
<testsuite hostname="admin-PC" name="Default test" tests="2" failures="0" timestamp="9 Sep 2016 11:04:48 GMT" time="13.463" errors="0">
  <testcase name="createExecutorAccount on null(ehc.bo.test.AccountingTest)" time="0.213" classname="ehc.bo.test.AccountingTest"/>
  <testcase name="generatePDF on null(ehc.bo.test.AccountingTest)" time="0.628" classname="ehc.bo.test.AccountingTest"/>
</testsuite> <!-- Default test -->
