<?xml version="1.0" encoding="UTF-8"?>
<!-- Generated by org.testng.reporters.JUnitXMLReporter -->
<testsuite hostname="admin-PC" name="Default test" tests="54" failures="0" timestamp="5 Oct 2016 11:36:17 GMT" time="41.657" errors="0">
  <testcase name="createPatientBill on null(ehc.bo.test.PatientBillTest)" time="0.146" classname="ehc.bo.test.PatientBillTest"/>
  <testcase name="scheduleAppointment on null(ehc.bo.test.AppointmentSchedulerAssigningResourcesTest)" time="0.231" classname="ehc.bo.test.AppointmentSchedulerAssigningResourcesTest"/>
  <testcase name="scheduleAppointment on null(ehc.bo.test.AppointmentSchedulerAssigningResourcesTest)" time="0.412" classname="ehc.bo.test.AppointmentSchedulerAssigningResourcesTest"/>
  <testcase name="scheduleAppointment on null(ehc.bo.test.AppointmentSchedulerAssigningResourcesTest)" time="0.259" classname="ehc.bo.test.AppointmentSchedulerAssigningResourcesTest"/>
  <testcase name="scheduleAppointment on null(ehc.bo.test.AppointmentSchedulerAssigningResourcesTest)" time="0.417" classname="ehc.bo.test.AppointmentSchedulerAssigningResourcesTest"/>
  <testcase name="scheduleAppointment on null(ehc.bo.test.AppointmentSchedulerAssigningResourcesTest)" time="0.411" classname="ehc.bo.test.AppointmentSchedulerAssigningResourcesTest"/>
  <testcase name="scheduleAppointment on null(ehc.bo.test.AppointmentSchedulerAssigningResourcesTest)" time="0.255" classname="ehc.bo.test.AppointmentSchedulerAssigningResourcesTest"/>
  <testcase name="scheduleAppointment on null(ehc.bo.test.AppointmentSchedulerAssigningResourcesTest)" time="0.252" classname="ehc.bo.test.AppointmentSchedulerAssigningResourcesTest"/>
  <testcase name="scheduleAppointment on null(ehc.bo.test.AppointmentSchedulerAssigningResourcesTest)" time="0.233" classname="ehc.bo.test.AppointmentSchedulerAssigningResourcesTest"/>
  <testcase name="scheduleAppointment on null(ehc.bo.test.AppointmentSchedulerAssigningResourcesTest)" time="0.214" classname="ehc.bo.test.AppointmentSchedulerAssigningResourcesTest"/>
  <testcase name="scheduleAppointment on null(ehc.bo.test.AppointmentSchedulerAssigningResourcesTest)" time="0.428" classname="ehc.bo.test.AppointmentSchedulerAssigningResourcesTest"/>
  <testcase name="getFreeTimeWindows on null(ehc.bo.test.AppointmentSchedulerFindingFreeBlocksTest)" time="4.673" classname="ehc.bo.test.AppointmentSchedulerFindingFreeBlocksTest"/>
  <testcase name="getFreeTimeWindowsIfNoAppointmentPlanned on null(ehc.bo.test.AppointmentSchedulerFindingFreeBlocksTest)" time="1.647" classname="ehc.bo.test.AppointmentSchedulerFindingFreeBlocksTest"/>
  <testcase name="createExecutorAccount on null(ehc.bo.test.AccountingTest)" time="0.162" classname="ehc.bo.test.AccountingTest"/>
  <testcase name="generatePDF on null(ehc.bo.test.AccountingTest)" time="0.536" classname="ehc.bo.test.AccountingTest"/>
  <testcase name="getAppointmentProposalWhenResourcesAvailable on null(ehc.bo.test.AppointmentSchedulerTest)" time="0.104" classname="ehc.bo.test.AppointmentSchedulerTest"/>
  <testcase name="getAppointmentProposalWhenResourcesAvailable on null(ehc.bo.test.AppointmentSchedulerTest)" time="0.1" classname="ehc.bo.test.AppointmentSchedulerTest"/>
  <testcase name="getAppointmentProposalWhenResourcesAvailable on null(ehc.bo.test.AppointmentSchedulerTest)" time="0.103" classname="ehc.bo.test.AppointmentSchedulerTest"/>
  <testcase name="getAppointmentProposalWhenResourcesAvailable on null(ehc.bo.test.AppointmentSchedulerTest)" time="0.109" classname="ehc.bo.test.AppointmentSchedulerTest"/>
  <testcase name="getAppointmentProposalWhenResourcesAvailable on null(ehc.bo.test.AppointmentSchedulerTest)" time="0.086" classname="ehc.bo.test.AppointmentSchedulerTest"/>
  <testcase name="getAppointmentProposalWhenResourcesAvailable on null(ehc.bo.test.AppointmentSchedulerTest)" time="0.096" classname="ehc.bo.test.AppointmentSchedulerTest"/>
  <testcase name="getAppointmentProposalWhenResourcesAvailable on null(ehc.bo.test.AppointmentSchedulerTest)" time="0.117" classname="ehc.bo.test.AppointmentSchedulerTest"/>
  <testcase name="getAppointmentProposalWhenResourcesAvailable on null(ehc.bo.test.AppointmentSchedulerTest)" time="0.125" classname="ehc.bo.test.AppointmentSchedulerTest"/>
  <testcase name="getAppointmentProposalWhenResourcesAvailable on null(ehc.bo.test.AppointmentSchedulerTest)" time="0.094" classname="ehc.bo.test.AppointmentSchedulerTest"/>
  <testcase name="scheduleAppointment on null(ehc.bo.test.AppointmentSchedulerTest)" time="0.168" classname="ehc.bo.test.AppointmentSchedulerTest"/>
  <testcase name="scheduleAppointment on null(ehc.bo.test.AppointmentSchedulerTest)" time="0.155" classname="ehc.bo.test.AppointmentSchedulerTest"/>
  <testcase name="scheduleAppointment on null(ehc.bo.test.AppointmentSchedulerTest)" time="0.239" classname="ehc.bo.test.AppointmentSchedulerTest"/>
  <testcase name="scheduleAppointment on null(ehc.bo.test.AppointmentSchedulerTest)" time="0.093" classname="ehc.bo.test.AppointmentSchedulerTest"/>
  <testcase name="scheduleAppointment on null(ehc.bo.test.AppointmentSchedulerTest)" time="0.094" classname="ehc.bo.test.AppointmentSchedulerTest"/>
  <testcase name="scheduleAppointment on null(ehc.bo.test.AppointmentSchedulerTest)" time="0.094" classname="ehc.bo.test.AppointmentSchedulerTest"/>
  <testcase name="scheduleAppointment on null(ehc.bo.test.AppointmentSchedulerTest)" time="0.095" classname="ehc.bo.test.AppointmentSchedulerTest"/>
  <testcase name="scheduleAppointment on null(ehc.bo.test.AppointmentSchedulerTest)" time="0.105" classname="ehc.bo.test.AppointmentSchedulerTest"/>
  <testcase name="scheduleAppointment on null(ehc.bo.test.AppointmentSchedulerTest)" time="0.128" classname="ehc.bo.test.AppointmentSchedulerTest"/>
  <testcase name="createAppointment3 on null(ehc.bo.test.AppointmentSchedulerTest)" time="0.188" classname="ehc.bo.test.AppointmentSchedulerTest"/>
  <testcase name="createAppointment3 on null(ehc.bo.test.AppointmentSchedulerTest)" time="0.125" classname="ehc.bo.test.AppointmentSchedulerTest"/>
  <testcase name="createAppointment3 on null(ehc.bo.test.AppointmentSchedulerTest)" time="0.135" classname="ehc.bo.test.AppointmentSchedulerTest"/>
  <testcase name="createAppointment3 on null(ehc.bo.test.AppointmentSchedulerTest)" time="0.152" classname="ehc.bo.test.AppointmentSchedulerTest"/>
  <testcase name="createAppointment3 on null(ehc.bo.test.AppointmentSchedulerTest)" time="0.187" classname="ehc.bo.test.AppointmentSchedulerTest"/>
  <testcase name="createAppointment3 on null(ehc.bo.test.AppointmentSchedulerTest)" time="0.179" classname="ehc.bo.test.AppointmentSchedulerTest"/>
  <testcase name="createAppointment3 on null(ehc.bo.test.AppointmentSchedulerTest)" time="0.187" classname="ehc.bo.test.AppointmentSchedulerTest"/>
  <testcase name="createAppointment3 on null(ehc.bo.test.AppointmentSchedulerTest)" time="0.208" classname="ehc.bo.test.AppointmentSchedulerTest"/>
  <testcase name="createAppointment3 on null(ehc.bo.test.AppointmentSchedulerTest)" time="0.164" classname="ehc.bo.test.AppointmentSchedulerTest"/>
  <testcase name="createAppointment3 on null(ehc.bo.test.AppointmentSchedulerTest)" time="0.172" classname="ehc.bo.test.AppointmentSchedulerTest"/>
  <testcase name="createAppointment3 on null(ehc.bo.test.AppointmentSchedulerTest)" time="0.199" classname="ehc.bo.test.AppointmentSchedulerTest"/>
  <testcase name="createAppointment3 on null(ehc.bo.test.AppointmentSchedulerTest)" time="0.433" classname="ehc.bo.test.AppointmentSchedulerTest"/>
  <testcase name="createAppointment3 on null(ehc.bo.test.AppointmentSchedulerTest)" time="0.38" classname="ehc.bo.test.AppointmentSchedulerTest"/>
  <testcase name="createAppointment3 on null(ehc.bo.test.AppointmentSchedulerTest)" time="0.551" classname="ehc.bo.test.AppointmentSchedulerTest"/>
  <testcase name="createAppointment3 on null(ehc.bo.test.AppointmentSchedulerTest)" time="0.417" classname="ehc.bo.test.AppointmentSchedulerTest"/>
  <testcase name="createAppointment3 on null(ehc.bo.test.AppointmentSchedulerTest)" time="0.249" classname="ehc.bo.test.AppointmentSchedulerTest"/>
  <testcase name="createAppointment3 on null(ehc.bo.test.AppointmentSchedulerTest)" time="0.351" classname="ehc.bo.test.AppointmentSchedulerTest"/>
  <testcase name="createAppointment3 on null(ehc.bo.test.AppointmentSchedulerTest)" time="0.413" classname="ehc.bo.test.AppointmentSchedulerTest"/>
  <testcase name="createAppointment3 on null(ehc.bo.test.AppointmentSchedulerTest)" time="0.308" classname="ehc.bo.test.AppointmentSchedulerTest"/>
  <testcase name="createAppointment3 on null(ehc.bo.test.AppointmentSchedulerTest)" time="0.626" classname="ehc.bo.test.AppointmentSchedulerTest"/>
  <testcase name="statistics on null(ehc.bo.test.AppointmentSchedulerTest)" time="0.002" classname="ehc.bo.test.AppointmentSchedulerTest"/>
</testsuite> <!-- Default test -->
