<?xml version="1.0" encoding="UTF-8"?>
<testng-results skipped="0" failed="0" total="1" passed="1">
  <reporter-output>
  </reporter-output>
  <suite name="Default suite" duration-ms="13067" started-at="2016-09-07T19:16:59Z" finished-at="2016-09-07T19:17:12Z">
    <groups>
    </groups>
    <test name="Default test" duration-ms="13067" started-at="2016-09-07T19:16:59Z" finished-at="2016-09-07T19:17:12Z">
      <class name="ehc.bo.test.AccountingTest">
        <test-method status="PASS" signature="beforeClass()[pri:0, instance:null(ehc.bo.test.AccountingTest)]" name="beforeClass" is-config="true" duration-ms="9670" started-at="2016-09-07T21:16:59Z" finished-at="2016-09-07T21:17:09Z">
          <reporter-output>
          </reporter-output>
        </test-method> <!-- beforeClass -->
        <test-method status="PASS" signature="createExecutorAccount()[pri:0, instance:null(ehc.bo.test.AccountingTest)]" name="createExecutorAccount" duration-ms="241" started-at="2016-09-07T21:17:09Z" finished-at="2016-09-07T21:17:09Z">
          <reporter-output>
          </reporter-output>
        </test-method> <!-- createExecutorAccount -->
        <test-method status="PASS" signature="afterClass()[pri:0, instance:null(ehc.bo.test.AccountingTest)]" name="afterClass" is-config="true" duration-ms="3121" started-at="2016-09-07T21:17:09Z" finished-at="2016-09-07T21:17:12Z">
          <reporter-output>
          </reporter-output>
        </test-method> <!-- afterClass -->
      </class> <!-- ehc.bo.test.AccountingTest -->
    </test> <!-- Default test -->
  </suite> <!-- Default suite -->
</testng-results>
